[backblue.gif]
[fade.gif]
[index.html]
[www.model-based-enterprise.org/js/jquery-1.7.2.min.js]
[www.model-based-enterprise.org/js/ie.js]
[www.model-based-enterprise.org/js/jquery.easing.1.3.js]
[www.model-based-enterprise.org/js/modernizr.custom.js]
[www.model-based-enterprise.org/js/jquery.polyglot.language.switcher.js]
[www.model-based-enterprise.org/js/ddlevelsmenu.js]
[www.model-based-enterprise.org/js/tinynav.min.js]
[www.model-based-enterprise.org/js/jquery.validate.min.js]
[www.model-based-enterprise.org/js/jquery.flexslider-min.js]
[www.model-based-enterprise.org/js/jquery.jcarousel.min.js]
[www.model-based-enterprise.org/js/jquery.ui.totop.min.js]
[www.model-based-enterprise.org/js/jquery.fancybox.pack.js]
[www.model-based-enterprise.org/js/jquery.cycle.all.js]
[www.model-based-enterprise.org/js/mediaelement-and-player.min.js]
[www.model-based-enterprise.org/js/jquery.fitvids.js]
[www.model-based-enterprise.org/js/jquery.tweet.js]
[www.model-based-enterprise.org/js/jquery.touchSwipe.min.js]
[www.model-based-enterprise.org/js/custom.js]
[www.google-analytics.com/analytics.js]
[www.model-based-enterprise.org/images/logo.png]
[www.model-based-enterprise.org/images/slider/slides/rotator1.jpg]
[www.model-based-enterprise.org/images/slider/slides/ospray.jpg]
[www.model-based-enterprise.org/images/slider/slides/rotator-jet.jpg]
[www.model-based-enterprise.org/images/slider/slides/automobile.jpg]
[www.model-based-enterprise.org/images/slider/slides/ship.jpg]
[www.model-based-enterprise.org/images/what-is-mbe.jpg]
[www.model-based-enterprise.org/images/itar-home.jpg]
[www.model-based-enterprise.org/images/mbe-standards-home.jpg]
[www.model-based-enterprise.org/images/getting-started-home.jpg]
[www.model-based-enterprise.org/images/social-media/linkedin.png]
[www.model-based-enterprise.org/index.html]
[www.model-based-enterprise.org/images/swirl.jpg]
[www.model-based-enterprise.org/images/header-image.png]
[www.model-based-enterprise.org/images/contact/mail.png]
[www.model-based-enterprise.org/images/contact/phone.png]
[www.model-based-enterprise.org/images/search.png]
[www.model-based-enterprise.org/images/icon-boxes/computer.png]
[www.model-based-enterprise.org/images/icon-boxes/mouse.png]
[www.model-based-enterprise.org/images/icon-boxes/applications.png]
[www.model-based-enterprise.org/images/icon-boxes/cog.png]
[www.model-based-enterprise.org/images/icon-boxes/globe.png]
[www.model-based-enterprise.org/images/icon-boxes/write.png]
[www.model-based-enterprise.org/images/icon-boxes/address-book.png]
[www.model-based-enterprise.org/images/icon-boxes/chemical.png]
[www.model-based-enterprise.org/images/carousel-arrows.png]
[www.model-based-enterprise.org/images/overlay-zoom.png]
[www.model-based-enterprise.org/images/overlay-link.png]
[www.model-based-enterprise.org/images/slider/arrows.png]
[www.model-based-enterprise.org/images/blog/post-standard.png]
[www.model-based-enterprise.org/images/blog/post-image.png]
[www.model-based-enterprise.org/images/blog/post-gallery.png]
[www.model-based-enterprise.org/images/blog/post-video.png]
[www.model-based-enterprise.org/images/blog/post-audio.png]
[www.model-based-enterprise.org/images/blog/post-quote.png]
[www.model-based-enterprise.org/images/blog/post-link.png]
[www.model-based-enterprise.org/images/blog/post-aside.png]
[www.model-based-enterprise.org/images/footer/pencil-footer.png]
[www.model-based-enterprise.org/images/footer/twitter-bullet-footer.png]
[www.model-based-enterprise.org/images/contact/home.png]
[www.model-based-enterprise.org/images/footer/contact/home-footer.png]
[www.model-based-enterprise.org/images/footer/contact/phone-footer.png]
[www.model-based-enterprise.org/images/contact/fax.png]
[www.model-based-enterprise.org/images/footer/contact/fax-footer.png]
[www.model-based-enterprise.org/images/footer/contact/mail-footer.png]
[www.model-based-enterprise.org/images/contact/clock.png]
[www.model-based-enterprise.org/images/social-media/twitter-circular.png]
[www.model-based-enterprise.org/images/social-media/facebook-circular.png]
[www.model-based-enterprise.org/images/social-media/google-circular.png]
[www.model-based-enterprise.org/images/social-media/youtube-circular.png]
[www.model-based-enterprise.org/images/social-media/skype-circular.png]
[www.model-based-enterprise.org/images/social-media/rss-circular.png]
[www.model-based-enterprise.org/images/bullets-and-arrows/arrow-right.png]
[www.model-based-enterprise.org/images/scroll-top.png]
[www.model-based-enterprise.org/images/alert-56.png]
[www.model-based-enterprise.org/images/check-green.png]
[www.model-based-enterprise.org/images/social-media/twitter.png]
[www.model-based-enterprise.org/images/social-media/facebook.png]
[www.model-based-enterprise.org/images/social-media/googleplus.png]
[www.model-based-enterprise.org/images/social-media/skype.png]
[www.model-based-enterprise.org/images/social-media/email.png]
[www.model-based-enterprise.org/style.css]
[www.model-based-enterprise.org/css/colors/purple.html]
[www.model-based-enterprise.org/index-2.html]
[www.model-based-enterprise.org/images/favicon2.jpg]
[www.model-based-enterprise.org/images/mbe-overview2.jpg]
[www.model-based-enterprise.org/model-based-enterprise-overview.html]
[www.model-based-enterprise.org/js/jquery-ui-1.10.1.custom.min.js]
[www.model-based-enterprise.org/images/MBE-Resources.jpg]
[www.model-based-enterprise.org/mbe-resources.html]
[www.model-based-enterprise.org/images/knowledge-base-framed.jpg]
[www.model-based-enterprise.org/mbe-knowledge-base.html]
[www.model-based-enterprise.org/images/get-started-framed.jpg]
[www.model-based-enterprise.org/images/assessment-capabilities-index.jpg]
[www.model-based-enterprise.org/starting-model-based-enterprise.html]
[www.model-based-enterprise.org/images/events-banner.jpg]
[www.model-based-enterprise.org/mbe-events.html]
[www.model-based-enterprise.org/js/jquery.gmap.min.js]
[www.model-based-enterprise.org/contact.html]
[www.model-based-enterprise.org/images/mil-standards.jpg]
[www.model-based-enterprise.org/Docs/MIL-STD-31000A released on ASSIST 3 13 2013.pdf]
[www.model-based-enterprise.org/Docs/MIL-STD-304686c1.pdf]
[www.model-based-enterprise.org/mil-standards.html]
[www.model-based-enterprise.org/images/filefolder-mouse.jpg]
[www.model-based-enterprise.org/images/configure-management.jpg]
[www.model-based-enterprise.org/Docs/MIL-STD-3046.pdf]
[www.model-based-enterprise.org/configuration-management-process.html]
[www.model-based-enterprise.org/images/MBE-3D-Drawing.jpg]
[www.model-based-enterprise.org/images/MBE-3D-Drawing-framed.jpg]
[www.model-based-enterprise.org/images/Model-based-definitionsmall.jpg]
[www.model-based-enterprise.org/images/product-lifecycle-icon.jpg]
[www.model-based-enterprise.org/images/configuration-managment-icon.jpg]
[www.model-based-enterprise.org/model-based-enterprise.html]
[www.model-based-enterprise.org/images/ITAR.jpg]
[www.model-based-enterprise.org/itar-certification.html]
[www.model-based-enterprise.org/mbe-assessment-ranking-tool.html]
[www.model-based-enterprise.org/sitemap.html]
[www.model-based-enterprise.org/legal-statement.html]
[www.model-based-enterprise.org/privacy-policy.html]
[www.model-based-enterprise.org/css/html5-reset.css]
[www.model-based-enterprise.org/images/bullets-and-arrows/arrow-down-lg-switcher.png]
[www.model-based-enterprise.org/images/flags/gb.png]
[www.model-based-enterprise.org/images/flags/fr.png]
[www.model-based-enterprise.org/images/flags/de.png]
[www.model-based-enterprise.org/images/flags/it.png]
[www.model-based-enterprise.org/images/flags/es.png]
[www.model-based-enterprise.org/images/flags/ru.png]
[www.model-based-enterprise.org/images/flags/us.png]
[www.model-based-enterprise.org/images/flags/mx.png]
[www.model-based-enterprise.org/css/polyglot-language-switcher.css]
[www.model-based-enterprise.org/css/flexslider.css]
[www.model-based-enterprise.org/images/fancybox/fancybox_sprite.png]
[www.model-based-enterprise.org/images/fancybox/fancybox_loading.gif]
[www.model-based-enterprise.org/images/fancybox/blank.gif]
[www.model-based-enterprise.org/images/fancybox/fancybox_buttons.png]
[www.model-based-enterprise.org/css/jquery.fancybox.css]
[www.model-based-enterprise.org/images/media-player/bigplay.png]
[www.model-based-enterprise.org/images/media-player/background.png]
[www.model-based-enterprise.org/images/media-player/loading.gif]
[www.model-based-enterprise.org/images/media-player/controls.png]
[www.model-based-enterprise.org/css/mediaelementplayer.css]
[www.model-based-enterprise.org/images/bullets-and-arrows/circle.png]
[www.model-based-enterprise.org/images/bullets-and-arrows/square.png]
[www.model-based-enterprise.org/images/bullets-and-arrows/check.png]
[www.model-based-enterprise.org/images/quote.png]
[www.model-based-enterprise.org/images/testimonial-arrow.png]
[www.model-based-enterprise.org/images/info-16.png]
[www.model-based-enterprise.org/images/flag-16.png]
[www.model-based-enterprise.org/images/alert-16.png]
[www.model-based-enterprise.org/images/error-16.png]
[www.model-based-enterprise.org/images/toggle-plus.png]
[www.model-based-enterprise.org/images/toggle-minus.png]
[www.model-based-enterprise.org/css/shortcodes.css]
[www.model-based-enterprise.org/html/images/sidebar-gray.html]
[www.model-based-enterprise.org/images/icon-boxes/cog.png]
[www.model-based-enterprise.org/images/faqs-banner.jpg]
[www.model-based-enterprise.org/mbe-questions.html]
[www.model-based-enterprise.org/images/how-model-based-enterprise-works.jpg]
[www.model-based-enterprise.org/Docs/ProE_Schema-RevB.pdf]
[www.model-based-enterprise.org/Docs/5426939_WELDMENT4.asm.pdf]
[www.model-based-enterprise.org/images/mbe-how-it-works-schematic.jpg]
[www.model-based-enterprise.org/how-mbe-works.html]
[www.model-based-enterprise.org/images/MBE-Benefits.jpg]
[www.model-based-enterprise.org/mbe-benefits.html]
[www.model-based-enterprise.org/images/MBE-guidance.jpg]
[www.model-based-enterprise.org/mbe-guidance.html]
[www.model-based-enterprise.org/images/reports-icon.jpg]
[www.model-based-enterprise.org/mbe-reports.html]
[www.model-based-enterprise.org/images/linkedin-image.jpg]
[www.model-based-enterprise.org/mbe-linkedin-group.html]
[www.model-based-enterprise.org/images/links-banner.jpg]
[www.model-based-enterprise.org/model-based-resource-links.html]
[www.model-based-enterprise.org/images/MBE-presentations.jpg]
[www.model-based-enterprise.org/Docs/2-21-14 C3 Presentation MIL-STD-31000_A_Training_WH-1.pdf]
[www.model-based-enterprise.org/Docs/Moog_presentation.pdf]
[www.model-based-enterprise.org/Docs/MBE_and_Nasa.pdf]
[www.model-based-enterprise.org/Docs/MBE.pdf]
[www.model-based-enterprise.org/Docs/MBESummit-Orlando051811-NISTMEP-DStieren.pdf]
[www.model-based-enterprise.org/Docs/MEP_Center_Perspective-05_18_2011.pdf]
[www.model-based-enterprise.org/Docs/Model_Based.pdf]
[www.model-based-enterprise.org/Docs/MBE_Summit_TDP_brief_Nov10.pdf]
[www.model-based-enterprise.org/Docs/Phillips_MBE_Supplier_Workshop.pdf]
[www.model-based-enterprise.org/Docs/3DCertification_MEP_Huntsville.pdf]
[www.model-based-enterprise.org/Docs/MBESummit-UAHuntsville022211-NISTMEP-DStieren.pdf]
[www.model-based-enterprise.org/Docs/MBE_A_Center_Perspective.pdf]
[www.model-based-enterprise.org/Docs/Model_Based_Engineetring.pdf]
[www.model-based-enterprise.org/Docs/MBE_Summit_Keynote.pdf]
[www.model-based-enterprise.org/Docs/Life_Cycle_Logistics.pdf]
[www.model-based-enterprise.org/Docs/Robin-SuppliPack.pdf]
[www.model-based-enterprise.org/Docs/eSourcing-ARDEC-Alabama.pdf]
[www.model-based-enterprise.org/Docs/MBE_Summit_Keynote2.pdf]
[www.model-based-enterprise.org/Docs/NCPM_supplier_summit.pdf]
[www.model-based-enterprise.org/Docs/MBESummit-Letterkenny110410-NISTMEP-DStieren.pdf]
[www.model-based-enterprise.org/Docs/MEP_Center_Perspective.pdf]
[www.model-based-enterprise.org/Docs/MBE-website-social-medial.pdf]
[www.model-based-enterprise.org/Docs/eSourcing-ARDEC.pdf]
[www.model-based-enterprise.org/Docs/eSourcing-ARDECpart2.pdf]
[www.model-based-enterprise.org/Docs/TechnicalDataPackage1.pdf]
[www.model-based-enterprise.org/Docs/TechnicalDataPackage2.pdf]
[www.model-based-enterprise.org/Docs/TechnicalDataPackage3.pdf]
[www.model-based-enterprise.org/Docs/MBEEvents_NewText_0608.pdf]
[www.model-based-enterprise.org/Docs/MBESummit_0526_JDMTPpresenation.pdf]
[www.model-based-enterprise.org/Docs/MBESummit_0526_DODKeynote.pdf]
[www.model-based-enterprise.org/Docs/MBESummit_0526_ARLpresentation.pdf]
[www.model-based-enterprise.org/Docs/Michigan-Manufacturing-Technology-Center.pdf]
[www.model-based-enterprise.org/Docs/MBE_Summit_Presentation.pdf]
[www.model-based-enterprise.org/Docs/NIST_MBE_Presentation.pdf]
[www.model-based-enterprise.org/Docs/2009DMCGeeWhiz-MBESlides.pdf]
[www.model-based-enterprise.org/Docs/MTO-MBE-DMC-1.pdf]
[www.model-based-enterprise.org/Docs/CPDA_Presentation_r1.pdf]
[www.model-based-enterprise.org/Docs/OSD_Ratcliff_Presentation.pdf]
[www.model-based-enterprise.org/model-based-enterprise-presentations.html]
[www.model-based-enterprise.org/images/MBE-video.jpg]
[www.model-based-enterprise.org/mbe-videos-3d-models.html]
[www.model-based-enterprise.org/manufacturing-extension-partnership.html]
[www.model-based-enterprise.org/images/MBE-articles.jpg]
[www.model-based-enterprise.org/Docs/MIL-STD-31000a-Oct8,20137958.pdf]
[www.model-based-enterprise.org/Docs/MBE Research Paper Published in JCM.pdf]
[www.model-based-enterprise.org/Docs/USCS-Mentor-Protege-Article.pdf]
[www.model-based-enterprise.org/Docs/US-Combat-Systems-USCS-Advanced-Manufacturing-Engineering-Teams-with-Small-Business-Office.pdf]
[www.model-based-enterprise.org/mbe-articles.html]
[www.model-based-enterprise.org/images/Nunn-Perry-Award.jpg]
[www.model-based-enterprise.org/mbe-success-stories.html]
[www.model-based-enterprise.org/images/MBE-lessons.jpg]
[www.model-based-enterprise.org/mbe-lessons-learned.html]
[www.model-based-enterprise.org/images/submision-form-pix.jpg]
[www.model-based-enterprise.org/content-submission.html]
[www.model-based-enterprise.org/cfg-contactform-3/js/contactform.html]
[www.model-based-enterprise.org/cfg-contactform-3/css/contactform.html]
[www.model-based-enterprise.org/images/assessment-ranking-tool.jpg]
[www.model-based-enterprise.org/Docs/MBE_Levels_Table_MTO.pdf]
[www.model-based-enterprise.org/images/capabilities-chart.jpg]
[www.model-based-enterprise.org/mbe-assessment-tool.html]
[www.model-based-enterprise.org/images/Level-6.jpg]
[www.model-based-enterprise.org/Docs/MBE-Level6.pdf]
[www.model-based-enterprise.org/capability-level-6.html]
[www.model-based-enterprise.org/images/Level-5.jpg]
[www.model-based-enterprise.org/Docs/MBE-Level5.pdf]
[www.model-based-enterprise.org/capability-level-5.html]
[www.model-based-enterprise.org/images/Level-4.jpg]
[www.model-based-enterprise.org/Docs/MBE-Level4.pdf]
[www.model-based-enterprise.org/capability-level-4.html]
[www.model-based-enterprise.org/images/Level-3.jpg]
[www.model-based-enterprise.org/Docs/MBE-Level3.pdf]
[www.model-based-enterprise.org/capability-level-3.html]
[www.model-based-enterprise.org/images/Level-2.jpg]
[www.model-based-enterprise.org/Docs/MBE-Level2.pdf]
[www.model-based-enterprise.org/capability-level-2.html]
[www.model-based-enterprise.org/images/Level-1.jpg]
[www.model-based-enterprise.org/Docs/MBE-Level1.pdf]
[www.model-based-enterprise.org/capability-level-1.html]
[www.model-based-enterprise.org/images/Level-0.jpg]
[www.model-based-enterprise.org/Docs/MBE-Level0.pdf]
[www.model-based-enterprise.org/capability-level-0.html]
[www.model-based-enterprise.org/Docs/SOP-Arbortext-Publishing-public-DIST-A7958.pdf]
[www.model-based-enterprise.org/Docs/SOP-Arbortext-Hyperlinks-between-ITEMs-DIST-A7958.pdf]
[www.model-based-enterprise.org/standard-operating-procedures.html]
[www.model-based-enterprise.org/past-mbe-events.html]
[www.model-based-enterprise.org/about-mbe.html]
[www.model-based-enterprise.org/legal.html]
[www.model-based-enterprise.org/privacy.html]
[www.model-based-enterprise.org/images/product-lifecycle-management.jpg]
[www.model-based-enterprise.org/product-lifecycle-management.html]
[www.model-based-enterprise.org/Docs/MIL-STD-31000A released on ASSIST 3 13 2013.pdf]
[www.model-based-enterprise.org/images/weldment-large.jpg]
[www.model-based-enterprise.org/images/Technical-Data-Package-S.jpg]
[www.model-based-enterprise.org/model-based-definition.html]
[www.model-based-enterprise.org/mailchimp/style.html]
[www.model-based-enterprise.org/mailchimp/css/colors/purple.html]
[www.model-based-enterprise.org/mailchimp/images/favicon2.html]
[www.model-based-enterprise.org/mailchimp/js/jquery-1.7.2.min.html]
[www.model-based-enterprise.org/mailchimp/js/ie.html]
[www.model-based-enterprise.org/mailchimp/js/jquery.easing.1.3.html]
[www.model-based-enterprise.org/mailchimp/js/modernizr.custom.html]
[www.model-based-enterprise.org/mailchimp/js/jquery.polyglot.language.switcher.html]
[www.model-based-enterprise.org/mailchimp/js/ddlevelsmenu.html]
[www.model-based-enterprise.org/mailchimp/js/tinynav.min.html]
[www.model-based-enterprise.org/mailchimp/js/jquery.ui.totop.min.html]
[www.model-based-enterprise.org/mailchimp/js/jquery-ui-1.10.1.custom.min.html]
[www.model-based-enterprise.org/mailchimp/js/jquery.fancybox.pack.html]
[www.model-based-enterprise.org/mailchimp/js/jquery.tweet.html]
[www.model-based-enterprise.org/mailchimp/js/jquery.touchSwipe.min.html]
[www.model-based-enterprise.org/mailchimp/js/custom.html]
[www.model-based-enterprise.org/mailchimp/images/logo.html]
[www.model-based-enterprise.org/mailchimp/model-based-enterprise-overview.html]
[www.model-based-enterprise.org/mailchimp/mbe-resources.html]
[www.model-based-enterprise.org/mailchimp/mbe-knowledge-base.html]
[www.model-based-enterprise.org/mailchimp/starting-model-based-enterprise.html]
[www.model-based-enterprise.org/mailchimp/mbe-events.html]
[www.model-based-enterprise.org/mailchimp/contact.html]
[www.model-based-enterprise.org/mailchimp/mbe-assessment-ranking-tool.html]
[www.model-based-enterprise.org/mailchimp/capability-level-6.html]
[www.model-based-enterprise.org/mailchimp/capability-level-5.html]
[www.model-based-enterprise.org/mailchimp/capability-level-4.html]
[www.model-based-enterprise.org/mailchimp/capability-level-3.html]
[www.model-based-enterprise.org/mailchimp/capability-level-2.html]
[www.model-based-enterprise.org/mailchimp/capability-level-1.html]
[www.model-based-enterprise.org/mailchimp/capability-level-0.html]
[www.model-based-enterprise.org/mailchimp/technical-information-mbe.html]
[www.model-based-enterprise.org/mailchimp/standard-operating-procedures.html]
[www.model-based-enterprise.org/mailchimp/images/social-media/linkedin.html]
[www.model-based-enterprise.org/mailchimp/sitemap.html]
[www.model-based-enterprise.org/mailchimp/legal.html]
[www.model-based-enterprise.org/mailchimp/privacy.html]
[www.model-based-enterprise.org/assessment-information.html]
[www.model-based-enterprise.org/technical-information-mbe.html]
[www.model-based-enterprise.org/Docs/2009-MBE-Assessment-Data.pdf]
[www.model-based-enterprise.org/Docs/Assessment-information.pdf]
[www.model-based-enterprise.org/images/2009-supplier-assessment-chart.jpg]
[www.model-based-enterprise.org/mbe-2009-supplier-assessment.html]
[www.model-based-enterprise.org/Docs/ARDEC-3DTDP-assessment-findings.pdf]
[www.model-based-enterprise.org/mbe-2012-supplier-assessment.html]
[www.model-based-enterprise.org/Docs/MBE-website-social-medial.pdf]
[www.model-based-enterprise.org/Docs/eSourcing-ARDEC.pdf]
[www.model-based-enterprise.org/Docs/eSourcing-ARDECpart2.pdf]
[www.model-based-enterprise.org/Docs/TechnicalDataPackage1.pdf]
[www.model-based-enterprise.org/Docs/TechnicalDataPackage2.pdf]
[www.model-based-enterprise.org/Docs/Michigan-Manufacturing-Technology-Center.pdf]
[www.model-based-enterprise.org/Docs/NIST_MBE_Presentation.pdf]
[www.model-based-enterprise.org/Docs/DMC-Highlights-DoD-Mentor-Protégé-Agreement.html]
[www.model-based-enterprise.org/cfg-contactform-2/js/contactform.html]
[www.model-based-enterprise.org/cfg-contactform-2/css/contactform.html]
[www.model-based-enterprise.org/cfg-contactform-2/js/swfupload/swfupload.html]
[www.model-based-enterprise.org/cfg-contactform-2/js/swfupload/swfupload.queue.html]
[www.model-based-enterprise.org/cfg-contactform-2/js/swfupload/fileprogress.html]
[www.model-based-enterprise.org/cfg-contactform-2/js/swfupload/handlers.html]
[www.model-based-enterprise.org/cfg-contactform-2/js/upload.html]
[www.model-based-enterprise.org/cfg-contactform-2/js/swfupload/default.html]
[www.model-based-enterprise.org/images/submision-form-pix.jpg]
[www.model-based-enterprise.org/mbe-assessment-tool-2.html]
[ajax.googleapis.com/ajax/libs/jquery/1.7.2/jquery.min.js]
